0 verbose cli /home/manic/.nvm/versions/node/v18.7.0/bin/node /home/manic/.nvm/versions/node/v18.7.0/bin/npm
1 info using npm@8.17.0
2 info using node@v18.7.0
3 timing npm:load:whichnode Completed in 0ms
4 timing config:load:defaults Completed in 2ms
5 timing config:load:file:/home/manic/.nvm/versions/node/v18.7.0/lib/node_modules/npm/npmrc Completed in 1ms
6 timing config:load:builtin Completed in 2ms
7 timing config:load:cli Completed in 1ms
8 timing config:load:env Completed in 1ms
9 timing config:load:file:/home/manic/ReversingLabs_Test/Task2/app3/.npmrc Completed in 0ms
10 timing config:load:project Completed in 9ms
11 timing config:load:file:/home/manic/ReversingLabs_Test/Task2/.npmrc Completed in 0ms
12 timing config:load:user Completed in 1ms
13 timing config:load:file:/home/manic/.nvm/versions/node/v18.7.0/etc/npmrc Completed in 0ms
14 timing config:load:global Completed in 0ms
15 timing config:load:validate Completed in 0ms
16 timing config:load:credentials Completed in 1ms
17 timing config:load:setEnvs Completed in 1ms
18 timing config:load Completed in 18ms
19 timing npm:load:configload Completed in 18ms
20 timing npm:load:mkdirpcache Completed in 1ms
21 timing npm:load:mkdirplogs Completed in 1ms
22 verbose title npm install
23 verbose argv "install"
24 timing npm:load:setTitle Completed in 1ms
25 timing config:load:flatten Completed in 3ms
26 timing npm:load:display Completed in 4ms
27 verbose logfile logs-max:10 dir:/home/manic/ReversingLabs_Test/Task2/.npm/_logs
28 verbose logfile /home/manic/ReversingLabs_Test/Task2/.npm/_logs/2023-05-14T07_42_13_996Z-debug-0.log
29 timing npm:load:logFile Completed in 5ms
30 timing npm:load:timers Completed in 0ms
31 timing npm:load:configScope Completed in 0ms
32 timing npm:load Completed in 30ms
33 timing arborist:ctor Completed in 1ms
34 silly logfile done cleaning log files
35 timing idealTree:init Completed in 105ms
36 timing idealTree:userRequests Completed in 0ms
37 silly idealTree buildDeps
38 timing idealTree:#root Completed in 1ms
39 timing idealTree:buildDeps Completed in 1ms
40 timing idealTree:fixDepFlags Completed in 0ms
41 timing idealTree Completed in 111ms
42 timing reify:loadTrees Completed in 115ms
43 timing reify:diffTrees Completed in 3ms
44 silly reify moves {}
45 timing reify:retireShallow Completed in 1ms
46 timing reify:createSparse Completed in 25ms
47 timing reify:loadBundles Completed in 0ms
48 silly audit bulk request {
48 silly audit   accepts: [ '1.3.8' ],
48 silly audit   'array-flatten': [ '1.1.1' ],
48 silly audit   'body-parser': [ '1.20.1' ],
48 silly audit   bytes: [ '3.1.2' ],
48 silly audit   'call-bind': [ '1.0.2' ],
48 silly audit   'content-disposition': [ '0.5.4' ],
48 silly audit   'content-type': [ '1.0.5' ],
48 silly audit   cookie: [ '0.5.0' ],
48 silly audit   'cookie-signature': [ '1.0.6' ],
48 silly audit   debug: [ '2.6.9' ],
48 silly audit   depd: [ '2.0.0' ],
48 silly audit   destroy: [ '1.2.0' ],
48 silly audit   'ee-first': [ '1.1.1' ],
48 silly audit   encodeurl: [ '1.0.2' ],
48 silly audit   'escape-html': [ '1.0.3' ],
48 silly audit   etag: [ '1.8.1' ],
48 silly audit   express: [ '4.18.2' ],
48 silly audit   finalhandler: [ '1.2.0' ],
48 silly audit   forwarded: [ '0.2.0' ],
48 silly audit   fresh: [ '0.5.2' ],
48 silly audit   'function-bind': [ '1.1.1' ],
48 silly audit   'get-intrinsic': [ '1.2.0' ],
48 silly audit   has: [ '1.0.3' ],
48 silly audit   'has-symbols': [ '1.0.3' ],
48 silly audit   'http-errors': [ '2.0.0' ],
48 silly audit   'iconv-lite': [ '0.4.24' ],
48 silly audit   inherits: [ '2.0.4' ],
48 silly audit   'ipaddr.js': [ '1.9.1' ],
48 silly audit   'media-typer': [ '0.3.0' ],
48 silly audit   'merge-descriptors': [ '1.0.1' ],
48 silly audit   methods: [ '1.1.2' ],
48 silly audit   mime: [ '1.6.0' ],
48 silly audit   'mime-db': [ '1.52.0' ],
48 silly audit   'mime-types': [ '2.1.35' ],
48 silly audit   ms: [ '2.0.0', '2.1.3' ],
48 silly audit   negotiator: [ '0.6.3' ],
48 silly audit   'object-inspect': [ '1.12.3' ],
48 silly audit   'on-finished': [ '2.4.1' ],
48 silly audit   parseurl: [ '1.3.3' ],
48 silly audit   'path-to-regexp': [ '0.1.7' ],
48 silly audit   'proxy-addr': [ '2.0.7' ],
48 silly audit   qs: [ '6.11.0' ],
48 silly audit   'range-parser': [ '1.2.1' ],
48 silly audit   'raw-body': [ '2.5.1' ],
48 silly audit   'safe-buffer': [ '5.2.1' ],
48 silly audit   'safer-buffer': [ '2.1.2' ],
48 silly audit   send: [ '0.18.0' ],
48 silly audit   'serve-static': [ '1.15.0' ],
48 silly audit   setprototypeof: [ '1.2.0' ],
48 silly audit   'side-channel': [ '1.0.4' ],
48 silly audit   statuses: [ '2.0.1' ],
48 silly audit   toidentifier: [ '1.0.1' ],
48 silly audit   'type-is': [ '1.6.18' ],
48 silly audit   unpipe: [ '1.0.0' ],
48 silly audit   'utils-merge': [ '1.0.1' ],
48 silly audit   vary: [ '1.1.2' ]
48 silly audit }
49 timing reifyNode:node_modules/ms Completed in 304ms
50 timing reifyNode:node_modules/escape-html Completed in 305ms
51 timing reifyNode:node_modules/ee-first Completed in 306ms
52 timing reifyNode:node_modules/destroy Completed in 306ms
53 timing reifyNode:node_modules/array-flatten Completed in 306ms
54 timing reifyNode:node_modules/send/node_modules/ms Completed in 309ms
55 timing reifyNode:node_modules/vary Completed in 310ms
56 timing reifyNode:node_modules/unpipe Completed in 310ms
57 timing reifyNode:node_modules/type-is Completed in 310ms
58 timing reifyNode:node_modules/toidentifier Completed in 309ms
59 timing reifyNode:node_modules/utils-merge Completed in 311ms
60 timing reifyNode:node_modules/range-parser Completed in 309ms
61 timing reifyNode:node_modules/path-to-regexp Completed in 310ms
62 timing reifyNode:node_modules/parseurl Completed in 310ms
63 timing reifyNode:node_modules/methods Completed in 310ms
64 timing reifyNode:node_modules/merge-descriptors Completed in 310ms
65 timing reifyNode:node_modules/media-typer Completed in 310ms
66 timing reifyNode:node_modules/inherits Completed in 311ms
67 timing reifyNode:node_modules/http-errors Completed in 310ms
68 timing reifyNode:node_modules/fresh Completed in 311ms
69 timing reifyNode:node_modules/forwarded Completed in 311ms
70 timing reifyNode:node_modules/etag Completed in 311ms
71 timing reifyNode:node_modules/encodeurl Completed in 311ms
72 timing reifyNode:node_modules/cookie-signature Completed in 311ms
73 timing reifyNode:node_modules/content-type Completed in 311ms
74 timing reifyNode:node_modules/bytes Completed in 311ms
75 timing reifyNode:node_modules/accepts Completed in 311ms
76 timing reifyNode:node_modules/proxy-addr Completed in 314ms
77 timing reifyNode:node_modules/on-finished Completed in 314ms
78 timing reifyNode:node_modules/statuses Completed in 318ms
79 timing reifyNode:node_modules/setprototypeof Completed in 318ms
80 timing reifyNode:node_modules/serve-static Completed in 318ms
81 timing reifyNode:node_modules/mime-types Completed in 323ms
82 timing reifyNode:node_modules/has Completed in 323ms
83 timing reifyNode:node_modules/content-disposition Completed in 324ms
84 timing reifyNode:node_modules/safe-buffer Completed in 328ms
85 timing reifyNode:node_modules/finalhandler Completed in 328ms
86 timing reifyNode:node_modules/cookie Completed in 328ms
87 timing reifyNode:node_modules/raw-body Completed in 332ms
88 timing reifyNode:node_modules/safer-buffer Completed in 336ms
89 timing reifyNode:node_modules/depd Completed in 337ms
90 timing reifyNode:node_modules/ipaddr.js Completed in 352ms
91 timing reifyNode:node_modules/send Completed in 355ms
92 timing reifyNode:node_modules/negotiator Completed in 357ms
93 timing reifyNode:node_modules/side-channel Completed in 360ms
94 timing reifyNode:node_modules/mime Completed in 360ms
95 timing reifyNode:node_modules/get-intrinsic Completed in 360ms
96 timing reifyNode:node_modules/function-bind Completed in 360ms
97 timing reifyNode:node_modules/call-bind Completed in 360ms
98 timing reifyNode:node_modules/mime-db Completed in 364ms
99 timing reifyNode:node_modules/has-symbols Completed in 364ms
100 timing reifyNode:node_modules/body-parser Completed in 363ms
101 timing reifyNode:node_modules/debug Completed in 367ms
102 timing reifyNode:node_modules/express Completed in 373ms
103 timing reifyNode:node_modules/qs Completed in 375ms
104 timing reifyNode:node_modules/object-inspect Completed in 377ms
105 timing reifyNode:node_modules/iconv-lite Completed in 377ms
106 timing reify:unpack Completed in 379ms
107 timing reify:unretire Completed in 0ms
108 timing build:queue Completed in 4ms
109 timing build:link:node_modules/mime Completed in 2ms
110 timing build:link Completed in 7ms
111 timing build:deps Completed in 11ms
112 timing build Completed in 11ms
113 timing reify:build Completed in 12ms
114 timing reify:trash Completed in 0ms
115 timing reify:save Completed in 28ms
116 http fetch POST 200 https://registry.npmjs.org/-/npm/v1/security/advisories/bulk 476ms
117 timing auditReport:getReport Completed in 480ms
118 silly audit report {}
119 timing auditReport:init Completed in 0ms
120 timing reify:audit Completed in 481ms
121 timing reify Completed in 648ms
122 silly ADD node_modules/vary
123 silly ADD node_modules/utils-merge
124 silly ADD node_modules/unpipe
125 silly ADD node_modules/type-is
126 silly ADD node_modules/toidentifier
127 silly ADD node_modules/statuses
128 silly ADD node_modules/side-channel
129 silly ADD node_modules/setprototypeof
130 silly ADD node_modules/serve-static
131 silly ADD node_modules/send
132 silly ADD node_modules/send/node_modules/ms
133 silly ADD node_modules/safer-buffer
134 silly ADD node_modules/safe-buffer
135 silly ADD node_modules/raw-body
136 silly ADD node_modules/range-parser
137 silly ADD node_modules/qs
138 silly ADD node_modules/proxy-addr
139 silly ADD node_modules/path-to-regexp
140 silly ADD node_modules/parseurl
141 silly ADD node_modules/on-finished
142 silly ADD node_modules/object-inspect
143 silly ADD node_modules/negotiator
144 silly ADD node_modules/ms
145 silly ADD node_modules/mime-types
146 silly ADD node_modules/mime-db
147 silly ADD node_modules/mime
148 silly ADD node_modules/methods
149 silly ADD node_modules/merge-descriptors
150 silly ADD node_modules/media-typer
151 silly ADD node_modules/ipaddr.js
152 silly ADD node_modules/inherits
153 silly ADD node_modules/iconv-lite
154 silly ADD node_modules/http-errors
155 silly ADD node_modules/has-symbols
156 silly ADD node_modules/has
157 silly ADD node_modules/get-intrinsic
158 silly ADD node_modules/function-bind
159 silly ADD node_modules/fresh
160 silly ADD node_modules/forwarded
161 silly ADD node_modules/finalhandler
162 silly ADD node_modules/express
163 silly ADD node_modules/etag
164 silly ADD node_modules/escape-html
165 silly ADD node_modules/encodeurl
166 silly ADD node_modules/ee-first
167 silly ADD node_modules/destroy
168 silly ADD node_modules/depd
169 silly ADD node_modules/debug
170 silly ADD node_modules/cookie-signature
171 silly ADD node_modules/cookie
172 silly ADD node_modules/content-type
173 silly ADD node_modules/content-disposition
174 silly ADD node_modules/call-bind
175 silly ADD node_modules/bytes
176 silly ADD node_modules/body-parser
177 silly ADD node_modules/array-flatten
178 silly ADD node_modules/accepts
179 timing command:install Completed in 666ms
180 verbose exit 0
181 timing npm Completed in 778ms
182 info ok
