0 verbose cli /home/manic/.nvm/versions/node/v18.7.0/bin/node /home/manic/.nvm/versions/node/v18.7.0/bin/npm
1 info using npm@8.17.0
2 info using node@v18.7.0
3 timing npm:load:whichnode Completed in 0ms
4 timing config:load:defaults Completed in 2ms
5 timing config:load:file:/home/manic/.nvm/versions/node/v18.7.0/lib/node_modules/npm/npmrc Completed in 1ms
6 timing config:load:builtin Completed in 2ms
7 timing config:load:cli Completed in 2ms
8 timing config:load:env Completed in 1ms
9 timing config:load:file:/home/manic/ReversingLabs_Test/Task2/app2/.npmrc Completed in 0ms
10 timing config:load:project Completed in 9ms
11 timing config:load:file:/home/manic/ReversingLabs_Test/Task2/.npmrc Completed in 0ms
12 timing config:load:user Completed in 0ms
13 timing config:load:file:/home/manic/.nvm/versions/node/v18.7.0/etc/npmrc Completed in 0ms
14 timing config:load:global Completed in 0ms
15 timing config:load:validate Completed in 1ms
16 timing config:load:credentials Completed in 1ms
17 timing config:load:setEnvs Completed in 0ms
18 timing config:load Completed in 18ms
19 timing npm:load:configload Completed in 19ms
20 timing npm:load:mkdirpcache Completed in 1ms
21 timing npm:load:mkdirplogs Completed in 1ms
22 verbose title npm install
23 verbose argv "install"
24 timing npm:load:setTitle Completed in 1ms
25 timing config:load:flatten Completed in 3ms
26 timing npm:load:display Completed in 5ms
27 verbose logfile logs-max:10 dir:/home/manic/ReversingLabs_Test/Task2/.npm/_logs
28 verbose logfile /home/manic/ReversingLabs_Test/Task2/.npm/_logs/2023-05-14T07_42_11_926Z-debug-0.log
29 timing npm:load:logFile Completed in 5ms
30 timing npm:load:timers Completed in 0ms
31 timing npm:load:configScope Completed in 0ms
32 timing npm:load Completed in 33ms
33 timing arborist:ctor Completed in 1ms
34 silly logfile done cleaning log files
35 timing idealTree:init Completed in 78ms
36 timing idealTree:userRequests Completed in 0ms
37 silly idealTree buildDeps
38 timing idealTree:#root Completed in 0ms
39 timing idealTree:buildDeps Completed in 2ms
40 timing idealTree:fixDepFlags Completed in 0ms
41 timing idealTree Completed in 82ms
42 timing reify:loadTrees Completed in 89ms
43 timing reify:diffTrees Completed in 2ms
44 silly reify moves {}
45 timing reify:retireShallow Completed in 1ms
46 timing reify:createSparse Completed in 42ms
47 timing reify:loadBundles Completed in 0ms
48 silly audit bulk request {
48 silly audit   accepts: [ '1.3.8' ],
48 silly audit   'array-flatten': [ '1.1.1' ],
48 silly audit   'body-parser': [ '1.20.1' ],
48 silly audit   bytes: [ '3.1.2' ],
48 silly audit   'call-bind': [ '1.0.2' ],
48 silly audit   'content-disposition': [ '0.5.4' ],
48 silly audit   'content-type': [ '1.0.5' ],
48 silly audit   cookie: [ '0.5.0' ],
48 silly audit   'cookie-signature': [ '1.0.6' ],
48 silly audit   debug: [ '2.6.9' ],
48 silly audit   depd: [ '2.0.0' ],
48 silly audit   destroy: [ '1.2.0' ],
48 silly audit   'ee-first': [ '1.1.1' ],
48 silly audit   encodeurl: [ '1.0.2' ],
48 silly audit   'escape-html': [ '1.0.3' ],
48 silly audit   etag: [ '1.8.1' ],
48 silly audit   express: [ '4.18.2' ],
48 silly audit   finalhandler: [ '1.2.0' ],
48 silly audit   forwarded: [ '0.2.0' ],
48 silly audit   fresh: [ '0.5.2' ],
48 silly audit   'function-bind': [ '1.1.1' ],
48 silly audit   'get-intrinsic': [ '1.2.0' ],
48 silly audit   has: [ '1.0.3' ],
48 silly audit   'has-symbols': [ '1.0.3' ],
48 silly audit   'http-errors': [ '2.0.0' ],
48 silly audit   'iconv-lite': [ '0.4.24' ],
48 silly audit   inherits: [ '2.0.4' ],
48 silly audit   'ipaddr.js': [ '1.9.1' ],
48 silly audit   'media-typer': [ '0.3.0' ],
48 silly audit   'merge-descriptors': [ '1.0.1' ],
48 silly audit   methods: [ '1.1.2' ],
48 silly audit   mime: [ '1.6.0' ],
48 silly audit   'mime-db': [ '1.52.0' ],
48 silly audit   'mime-types': [ '2.1.35' ],
48 silly audit   ms: [ '2.0.0', '2.1.3' ],
48 silly audit   negotiator: [ '0.6.3' ],
48 silly audit   'object-inspect': [ '1.12.3' ],
48 silly audit   'on-finished': [ '2.4.1' ],
48 silly audit   parseurl: [ '1.3.3' ],
48 silly audit   'path-to-regexp': [ '0.1.7' ],
48 silly audit   'proxy-addr': [ '2.0.7' ],
48 silly audit   qs: [ '6.11.0' ],
48 silly audit   'range-parser': [ '1.2.1' ],
48 silly audit   'raw-body': [ '2.5.1' ],
48 silly audit   'safe-buffer': [ '5.2.1' ],
48 silly audit   'safer-buffer': [ '2.1.2' ],
48 silly audit   send: [ '0.18.0' ],
48 silly audit   'serve-static': [ '1.15.0' ],
48 silly audit   setprototypeof: [ '1.2.0' ],
48 silly audit   'side-channel': [ '1.0.4' ],
48 silly audit   statuses: [ '2.0.1' ],
48 silly audit   toidentifier: [ '1.0.1' ],
48 silly audit   'type-is': [ '1.6.18' ],
48 silly audit   unpipe: [ '1.0.0' ],
48 silly audit   'utils-merge': [ '1.0.1' ],
48 silly audit   vary: [ '1.1.2' ]
48 silly audit }
49 silly tarball no local data for vary@https://registry.npmjs.org/vary/-/vary-1.1.2.tgz. Extracting by manifest.
50 silly tarball no local data for utils-merge@https://registry.npmjs.org/utils-merge/-/utils-merge-1.0.1.tgz. Extracting by manifest.
51 silly tarball no local data for unpipe@https://registry.npmjs.org/unpipe/-/unpipe-1.0.0.tgz. Extracting by manifest.
52 silly tarball no local data for type-is@https://registry.npmjs.org/type-is/-/type-is-1.6.18.tgz. Extracting by manifest.
53 silly tarball no local data for toidentifier@https://registry.npmjs.org/toidentifier/-/toidentifier-1.0.1.tgz. Extracting by manifest.
54 silly tarball no local data for statuses@https://registry.npmjs.org/statuses/-/statuses-2.0.1.tgz. Extracting by manifest.
55 silly tarball no local data for side-channel@https://registry.npmjs.org/side-channel/-/side-channel-1.0.4.tgz. Extracting by manifest.
56 silly tarball no local data for setprototypeof@https://registry.npmjs.org/setprototypeof/-/setprototypeof-1.2.0.tgz. Extracting by manifest.
57 silly tarball no local data for serve-static@https://registry.npmjs.org/serve-static/-/serve-static-1.15.0.tgz. Extracting by manifest.
58 silly tarball no local data for send@https://registry.npmjs.org/send/-/send-0.18.0.tgz. Extracting by manifest.
59 silly tarball no local data for safer-buffer@https://registry.npmjs.org/safer-buffer/-/safer-buffer-2.1.2.tgz. Extracting by manifest.
60 silly tarball no local data for safe-buffer@https://registry.npmjs.org/safe-buffer/-/safe-buffer-5.2.1.tgz. Extracting by manifest.
61 silly tarball no local data for raw-body@https://registry.npmjs.org/raw-body/-/raw-body-2.5.1.tgz. Extracting by manifest.
62 silly tarball no local data for range-parser@https://registry.npmjs.org/range-parser/-/range-parser-1.2.1.tgz. Extracting by manifest.
63 silly tarball no local data for qs@https://registry.npmjs.org/qs/-/qs-6.11.0.tgz. Extracting by manifest.
64 silly tarball no local data for proxy-addr@https://registry.npmjs.org/proxy-addr/-/proxy-addr-2.0.7.tgz. Extracting by manifest.
65 silly tarball no local data for path-to-regexp@https://registry.npmjs.org/path-to-regexp/-/path-to-regexp-0.1.7.tgz. Extracting by manifest.
66 silly tarball no local data for parseurl@https://registry.npmjs.org/parseurl/-/parseurl-1.3.3.tgz. Extracting by manifest.
67 silly tarball no local data for on-finished@https://registry.npmjs.org/on-finished/-/on-finished-2.4.1.tgz. Extracting by manifest.
68 silly tarball no local data for object-inspect@https://registry.npmjs.org/object-inspect/-/object-inspect-1.12.3.tgz. Extracting by manifest.
69 silly tarball no local data for negotiator@https://registry.npmjs.org/negotiator/-/negotiator-0.6.3.tgz. Extracting by manifest.
70 silly tarball no local data for ms@https://registry.npmjs.org/ms/-/ms-2.0.0.tgz. Extracting by manifest.
71 silly tarball no local data for mime-types@https://registry.npmjs.org/mime-types/-/mime-types-2.1.35.tgz. Extracting by manifest.
72 silly tarball no local data for mime-db@https://registry.npmjs.org/mime-db/-/mime-db-1.52.0.tgz. Extracting by manifest.
73 silly tarball no local data for mime@https://registry.npmjs.org/mime/-/mime-1.6.0.tgz. Extracting by manifest.
74 silly tarball no local data for methods@https://registry.npmjs.org/methods/-/methods-1.1.2.tgz. Extracting by manifest.
75 silly tarball no local data for merge-descriptors@https://registry.npmjs.org/merge-descriptors/-/merge-descriptors-1.0.1.tgz. Extracting by manifest.
76 silly tarball no local data for media-typer@https://registry.npmjs.org/media-typer/-/media-typer-0.3.0.tgz. Extracting by manifest.
77 silly tarball no local data for ipaddr.js@https://registry.npmjs.org/ipaddr.js/-/ipaddr.js-1.9.1.tgz. Extracting by manifest.
78 silly tarball no local data for inherits@https://registry.npmjs.org/inherits/-/inherits-2.0.4.tgz. Extracting by manifest.
79 silly tarball no local data for iconv-lite@https://registry.npmjs.org/iconv-lite/-/iconv-lite-0.4.24.tgz. Extracting by manifest.
80 silly tarball no local data for http-errors@https://registry.npmjs.org/http-errors/-/http-errors-2.0.0.tgz. Extracting by manifest.
81 silly tarball no local data for has-symbols@https://registry.npmjs.org/has-symbols/-/has-symbols-1.0.3.tgz. Extracting by manifest.
82 silly tarball no local data for has@https://registry.npmjs.org/has/-/has-1.0.3.tgz. Extracting by manifest.
83 silly tarball no local data for get-intrinsic@https://registry.npmjs.org/get-intrinsic/-/get-intrinsic-1.2.0.tgz. Extracting by manifest.
84 silly tarball no local data for function-bind@https://registry.npmjs.org/function-bind/-/function-bind-1.1.1.tgz. Extracting by manifest.
85 silly tarball no local data for fresh@https://registry.npmjs.org/fresh/-/fresh-0.5.2.tgz. Extracting by manifest.
86 silly tarball no local data for forwarded@https://registry.npmjs.org/forwarded/-/forwarded-0.2.0.tgz. Extracting by manifest.
87 silly tarball no local data for finalhandler@https://registry.npmjs.org/finalhandler/-/finalhandler-1.2.0.tgz. Extracting by manifest.
88 silly tarball no local data for express@https://registry.npmjs.org/express/-/express-4.18.2.tgz. Extracting by manifest.
89 silly tarball no local data for etag@https://registry.npmjs.org/etag/-/etag-1.8.1.tgz. Extracting by manifest.
90 silly tarball no local data for escape-html@https://registry.npmjs.org/escape-html/-/escape-html-1.0.3.tgz. Extracting by manifest.
91 silly tarball no local data for encodeurl@https://registry.npmjs.org/encodeurl/-/encodeurl-1.0.2.tgz. Extracting by manifest.
92 silly tarball no local data for ee-first@https://registry.npmjs.org/ee-first/-/ee-first-1.1.1.tgz. Extracting by manifest.
93 silly tarball no local data for destroy@https://registry.npmjs.org/destroy/-/destroy-1.2.0.tgz. Extracting by manifest.
94 silly tarball no local data for depd@https://registry.npmjs.org/depd/-/depd-2.0.0.tgz. Extracting by manifest.
95 silly tarball no local data for debug@https://registry.npmjs.org/debug/-/debug-2.6.9.tgz. Extracting by manifest.
96 silly tarball no local data for cookie-signature@https://registry.npmjs.org/cookie-signature/-/cookie-signature-1.0.6.tgz. Extracting by manifest.
97 silly tarball no local data for cookie@https://registry.npmjs.org/cookie/-/cookie-0.5.0.tgz. Extracting by manifest.
98 silly tarball no local data for content-type@https://registry.npmjs.org/content-type/-/content-type-1.0.5.tgz. Extracting by manifest.
99 silly tarball no local data for content-disposition@https://registry.npmjs.org/content-disposition/-/content-disposition-0.5.4.tgz. Extracting by manifest.
100 silly tarball no local data for call-bind@https://registry.npmjs.org/call-bind/-/call-bind-1.0.2.tgz. Extracting by manifest.
101 silly tarball no local data for bytes@https://registry.npmjs.org/bytes/-/bytes-3.1.2.tgz. Extracting by manifest.
102 silly tarball no local data for body-parser@https://registry.npmjs.org/body-parser/-/body-parser-1.20.1.tgz. Extracting by manifest.
103 silly tarball no local data for array-flatten@https://registry.npmjs.org/array-flatten/-/array-flatten-1.1.1.tgz. Extracting by manifest.
104 silly tarball no local data for accepts@https://registry.npmjs.org/accepts/-/accepts-1.3.8.tgz. Extracting by manifest.
105 silly tarball no local data for ms@https://registry.npmjs.org/ms/-/ms-2.1.3.tgz. Extracting by manifest.
106 http fetch POST 200 https://registry.npmjs.org/-/npm/v1/security/advisories/bulk 644ms
107 timing auditReport:getReport Completed in 652ms
108 silly audit report {}
109 timing auditReport:init Completed in 0ms
110 timing reify:audit Completed in 653ms
111 http fetch GET 200 https://registry.npmjs.org/utils-merge/-/utils-merge-1.0.1.tgz 824ms (cache miss)
112 timing reifyNode:node_modules/utils-merge Completed in 952ms
113 http fetch GET 200 https://registry.npmjs.org/vary/-/vary-1.1.2.tgz 870ms (cache miss)
114 timing reifyNode:node_modules/vary Completed in 996ms
115 http fetch GET 200 https://registry.npmjs.org/range-parser/-/range-parser-1.2.1.tgz 913ms (cache miss)
116 timing reifyNode:node_modules/range-parser Completed in 1059ms
117 http fetch GET 200 https://registry.npmjs.org/setprototypeof/-/setprototypeof-1.2.0.tgz 943ms (cache miss)
118 timing reifyNode:node_modules/setprototypeof Completed in 1078ms
119 http fetch GET 200 https://registry.npmjs.org/ms/-/ms-2.0.0.tgz 924ms (cache miss)
120 timing reifyNode:node_modules/ms Completed in 1075ms
121 http fetch GET 200 https://registry.npmjs.org/type-is/-/type-is-1.6.18.tgz 959ms (cache miss)
122 timing reifyNode:node_modules/type-is Completed in 1090ms
123 http fetch GET 200 https://registry.npmjs.org/statuses/-/statuses-2.0.1.tgz 958ms (cache miss)
124 timing reifyNode:node_modules/statuses Completed in 1090ms
125 http fetch GET 200 https://registry.npmjs.org/path-to-regexp/-/path-to-regexp-0.1.7.tgz 942ms (cache miss)
126 timing reifyNode:node_modules/path-to-regexp Completed in 1089ms
127 http fetch GET 200 https://registry.npmjs.org/parseurl/-/parseurl-1.3.3.tgz 950ms (cache miss)
128 timing reifyNode:node_modules/parseurl Completed in 1098ms
129 http fetch GET 200 https://registry.npmjs.org/has/-/has-1.0.3.tgz 921ms (cache miss)
130 timing reifyNode:node_modules/has Completed in 1097ms
131 http fetch GET 200 https://registry.npmjs.org/proxy-addr/-/proxy-addr-2.0.7.tgz 955ms (cache miss)
132 timing reifyNode:node_modules/proxy-addr Completed in 1103ms
133 http fetch GET 200 https://registry.npmjs.org/on-finished/-/on-finished-2.4.1.tgz 953ms (cache miss)
134 timing reifyNode:node_modules/on-finished Completed in 1101ms
135 http fetch GET 200 https://registry.npmjs.org/methods/-/methods-1.1.2.tgz 941ms (cache miss)
136 timing reifyNode:node_modules/methods Completed in 1102ms
137 http fetch GET 200 https://registry.npmjs.org/inherits/-/inherits-2.0.4.tgz 937ms (cache miss)
138 timing reifyNode:node_modules/inherits Completed in 1102ms
139 http fetch GET 200 https://registry.npmjs.org/http-errors/-/http-errors-2.0.0.tgz 928ms (cache miss)
140 timing reifyNode:node_modules/http-errors Completed in 1102ms
141 http fetch GET 200 https://registry.npmjs.org/fresh/-/fresh-0.5.2.tgz 924ms (cache miss)
142 timing reifyNode:node_modules/fresh Completed in 1104ms
143 http fetch GET 200 https://registry.npmjs.org/call-bind/-/call-bind-1.0.2.tgz 899ms (cache miss)
144 timing reifyNode:node_modules/call-bind Completed in 1104ms
145 http fetch GET 200 https://registry.npmjs.org/merge-descriptors/-/merge-descriptors-1.0.1.tgz 949ms (cache miss)
146 timing reifyNode:node_modules/merge-descriptors Completed in 1111ms
147 http fetch GET 200 https://registry.npmjs.org/side-channel/-/side-channel-1.0.4.tgz 982ms (cache miss)
148 timing reifyNode:node_modules/side-channel Completed in 1115ms
149 http fetch GET 200 https://registry.npmjs.org/serve-static/-/serve-static-1.15.0.tgz 981ms (cache miss)
150 timing reifyNode:node_modules/serve-static Completed in 1115ms
151 http fetch GET 200 https://registry.npmjs.org/escape-html/-/escape-html-1.0.3.tgz 936ms (cache miss)
152 timing reifyNode:node_modules/escape-html Completed in 1124ms
153 http fetch GET 200 https://registry.npmjs.org/mime-types/-/mime-types-2.1.35.tgz 977ms (cache miss)
154 timing reifyNode:node_modules/mime-types Completed in 1129ms
155 http fetch GET 200 https://registry.npmjs.org/media-typer/-/media-typer-0.3.0.tgz 971ms (cache miss)
156 timing reifyNode:node_modules/media-typer Completed in 1135ms
157 http fetch GET 200 https://registry.npmjs.org/forwarded/-/forwarded-0.2.0.tgz 953ms (cache miss)
158 timing reifyNode:node_modules/forwarded Completed in 1134ms
159 http fetch GET 200 https://registry.npmjs.org/content-type/-/content-type-1.0.5.tgz 934ms (cache miss)
160 timing reifyNode:node_modules/content-type Completed in 1134ms
161 http fetch GET 200 https://registry.npmjs.org/negotiator/-/negotiator-0.6.3.tgz 988ms (cache miss)
162 timing reifyNode:node_modules/negotiator Completed in 1137ms
163 http fetch GET 200 https://registry.npmjs.org/safe-buffer/-/safe-buffer-5.2.1.tgz 1003ms (cache miss)
164 timing reifyNode:node_modules/safe-buffer Completed in 1142ms
165 http fetch GET 200 https://registry.npmjs.org/finalhandler/-/finalhandler-1.2.0.tgz 956ms (cache miss)
166 timing reifyNode:node_modules/finalhandler Completed in 1139ms
167 http fetch GET 200 https://registry.npmjs.org/etag/-/etag-1.8.1.tgz 953ms (cache miss)
168 timing reifyNode:node_modules/etag Completed in 1139ms
169 http fetch GET 200 https://registry.npmjs.org/encodeurl/-/encodeurl-1.0.2.tgz 953ms (cache miss)
170 timing reifyNode:node_modules/encodeurl Completed in 1140ms
171 http fetch GET 200 https://registry.npmjs.org/ee-first/-/ee-first-1.1.1.tgz 951ms (cache miss)
172 timing reifyNode:node_modules/ee-first Completed in 1140ms
173 http fetch GET 200 https://registry.npmjs.org/ms/-/ms-2.1.3.tgz 926ms (cache miss)
174 timing reifyNode:node_modules/send/node_modules/ms Completed in 1149ms
175 http fetch GET 200 https://registry.npmjs.org/toidentifier/-/toidentifier-1.0.1.tgz 1019ms (cache miss)
176 timing reifyNode:node_modules/toidentifier Completed in 1151ms
177 http fetch GET 200 https://registry.npmjs.org/raw-body/-/raw-body-2.5.1.tgz 1006ms (cache miss)
178 timing reifyNode:node_modules/raw-body Completed in 1150ms
179 http fetch GET 200 https://registry.npmjs.org/function-bind/-/function-bind-1.1.1.tgz 969ms (cache miss)
180 timing reifyNode:node_modules/function-bind Completed in 1147ms
181 http fetch GET 200 https://registry.npmjs.org/depd/-/depd-2.0.0.tgz 954ms (cache miss)
182 timing reifyNode:node_modules/depd Completed in 1147ms
183 http fetch GET 200 https://registry.npmjs.org/cookie-signature/-/cookie-signature-1.0.6.tgz 951ms (cache miss)
184 timing reifyNode:node_modules/cookie-signature Completed in 1147ms
185 http fetch GET 200 https://registry.npmjs.org/cookie/-/cookie-0.5.0.tgz 951ms (cache miss)
186 timing reifyNode:node_modules/cookie Completed in 1150ms
187 http fetch GET 200 https://registry.npmjs.org/debug/-/debug-2.6.9.tgz 955ms (cache miss)
188 http fetch GET 200 https://registry.npmjs.org/content-disposition/-/content-disposition-0.5.4.tgz 948ms (cache miss)
189 timing reifyNode:node_modules/content-disposition Completed in 1150ms
190 http fetch GET 200 https://registry.npmjs.org/destroy/-/destroy-1.2.0.tgz 959ms (cache miss)
191 timing reifyNode:node_modules/destroy Completed in 1151ms
192 http fetch GET 200 https://registry.npmjs.org/unpipe/-/unpipe-1.0.0.tgz 1029ms (cache miss)
193 timing reifyNode:node_modules/unpipe Completed in 1157ms
194 http fetch GET 200 https://registry.npmjs.org/array-flatten/-/array-flatten-1.1.1.tgz 942ms (cache miss)
195 timing reifyNode:node_modules/array-flatten Completed in 1151ms
196 http fetch GET 200 https://registry.npmjs.org/safer-buffer/-/safer-buffer-2.1.2.tgz 1020ms (cache miss)
197 timing reifyNode:node_modules/safer-buffer Completed in 1157ms
198 http fetch GET 200 https://registry.npmjs.org/send/-/send-0.18.0.tgz 1021ms (cache miss)
199 timing reifyNode:node_modules/send Completed in 1157ms
200 http fetch GET 200 https://registry.npmjs.org/bytes/-/bytes-3.1.2.tgz 947ms (cache miss)
201 timing reifyNode:node_modules/bytes Completed in 1153ms
202 http fetch GET 200 https://registry.npmjs.org/accepts/-/accepts-1.3.8.tgz 949ms (cache miss)
203 timing reifyNode:node_modules/accepts Completed in 1159ms
204 timing reifyNode:node_modules/debug Completed in 1160ms
205 http fetch GET 200 https://registry.npmjs.org/ipaddr.js/-/ipaddr.js-1.9.1.tgz 1010ms (cache miss)
206 timing reifyNode:node_modules/ipaddr.js Completed in 1174ms
207 http fetch GET 200 https://registry.npmjs.org/get-intrinsic/-/get-intrinsic-1.2.0.tgz 1008ms (cache miss)
208 timing reifyNode:node_modules/get-intrinsic Completed in 1185ms
209 http fetch GET 200 https://registry.npmjs.org/has-symbols/-/has-symbols-1.0.3.tgz 1011ms (cache miss)
210 timing reifyNode:node_modules/has-symbols Completed in 1185ms
211 http fetch GET 200 https://registry.npmjs.org/mime/-/mime-1.6.0.tgz 1035ms (cache miss)
212 timing reifyNode:node_modules/mime Completed in 1194ms
213 http fetch GET 200 https://registry.npmjs.org/mime-db/-/mime-db-1.52.0.tgz 1043ms (cache miss)
214 timing reifyNode:node_modules/mime-db Completed in 1197ms
215 http fetch GET 200 https://registry.npmjs.org/body-parser/-/body-parser-1.20.1.tgz 990ms (cache miss)
216 timing reifyNode:node_modules/body-parser Completed in 1198ms
217 http fetch GET 200 https://registry.npmjs.org/qs/-/qs-6.11.0.tgz 1067ms (cache miss)
218 timing reifyNode:node_modules/qs Completed in 1214ms
219 http fetch GET 200 https://registry.npmjs.org/object-inspect/-/object-inspect-1.12.3.tgz 1064ms (cache miss)
220 timing reifyNode:node_modules/object-inspect Completed in 1213ms
221 http fetch GET 200 https://registry.npmjs.org/express/-/express-4.18.2.tgz 1028ms (cache miss)
222 timing reifyNode:node_modules/express Completed in 1212ms
223 http fetch GET 200 https://registry.npmjs.org/iconv-lite/-/iconv-lite-0.4.24.tgz 1067ms (cache miss)
224 timing reifyNode:node_modules/iconv-lite Completed in 1233ms
225 timing reify:unpack Completed in 1239ms
226 timing reify:unretire Completed in 1ms
227 timing build:queue Completed in 4ms
228 timing build:link:node_modules/mime Completed in 2ms
229 timing build:link Completed in 2ms
230 timing build:deps Completed in 6ms
231 timing build Completed in 8ms
232 timing reify:build Completed in 13ms
233 timing reify:trash Completed in 0ms
234 timing reify:save Completed in 21ms
235 timing reify Completed in 1460ms
236 silly ADD node_modules/vary
237 silly ADD node_modules/utils-merge
238 silly ADD node_modules/unpipe
239 silly ADD node_modules/type-is
240 silly ADD node_modules/toidentifier
241 silly ADD node_modules/statuses
242 silly ADD node_modules/side-channel
243 silly ADD node_modules/setprototypeof
244 silly ADD node_modules/serve-static
245 silly ADD node_modules/send
246 silly ADD node_modules/send/node_modules/ms
247 silly ADD node_modules/safer-buffer
248 silly ADD node_modules/safe-buffer
249 silly ADD node_modules/raw-body
250 silly ADD node_modules/range-parser
251 silly ADD node_modules/qs
252 silly ADD node_modules/proxy-addr
253 silly ADD node_modules/path-to-regexp
254 silly ADD node_modules/parseurl
255 silly ADD node_modules/on-finished
256 silly ADD node_modules/object-inspect
257 silly ADD node_modules/negotiator
258 silly ADD node_modules/ms
259 silly ADD node_modules/mime-types
260 silly ADD node_modules/mime-db
261 silly ADD node_modules/mime
262 silly ADD node_modules/methods
263 silly ADD node_modules/merge-descriptors
264 silly ADD node_modules/media-typer
265 silly ADD node_modules/ipaddr.js
266 silly ADD node_modules/inherits
267 silly ADD node_modules/iconv-lite
268 silly ADD node_modules/http-errors
269 silly ADD node_modules/has-symbols
270 silly ADD node_modules/has
271 silly ADD node_modules/get-intrinsic
272 silly ADD node_modules/function-bind
273 silly ADD node_modules/fresh
274 silly ADD node_modules/forwarded
275 silly ADD node_modules/finalhandler
276 silly ADD node_modules/express
277 silly ADD node_modules/etag
278 silly ADD node_modules/escape-html
279 silly ADD node_modules/encodeurl
280 silly ADD node_modules/ee-first
281 silly ADD node_modules/destroy
282 silly ADD node_modules/depd
283 silly ADD node_modules/debug
284 silly ADD node_modules/cookie-signature
285 silly ADD node_modules/cookie
286 silly ADD node_modules/content-type
287 silly ADD node_modules/content-disposition
288 silly ADD node_modules/call-bind
289 silly ADD node_modules/bytes
290 silly ADD node_modules/body-parser
291 silly ADD node_modules/array-flatten
292 silly ADD node_modules/accepts
293 timing command:install Completed in 1481ms
294 verbose exit 0
295 timing npm Completed in 1609ms
296 info ok
